[2023-09-30 20:03:34Z INFO HostContext] No proxy settings were found based on environmental variables (http_proxy/https_proxy/HTTP_PROXY/HTTPS_PROXY)
[2023-09-30 20:03:34Z INFO HostContext] Well known directory 'Bin': 'D:\xampp\htdocs\house-rent\actions-runner\bin'
[2023-09-30 20:03:34Z INFO HostContext] Well known directory 'Root': 'D:\xampp\htdocs\house-rent\actions-runner'
[2023-09-30 20:03:34Z INFO HostContext] Well known config file 'Credentials': 'D:\xampp\htdocs\house-rent\actions-runner\.credentials'
[2023-09-30 20:03:34Z INFO HostContext] Well known directory 'Bin': 'D:\xampp\htdocs\house-rent\actions-runner\bin'
[2023-09-30 20:03:34Z INFO HostContext] Well known directory 'Root': 'D:\xampp\htdocs\house-rent\actions-runner'
[2023-09-30 20:03:34Z INFO HostContext] Well known config file 'Runner': 'D:\xampp\htdocs\house-rent\actions-runner\.runner'
[2023-09-30 20:03:34Z INFO Listener] Runner is built for Windows (X64) - win-x64.
[2023-09-30 20:03:34Z INFO Listener] RuntimeInformation: Microsoft Windows 10.0.22621.
[2023-09-30 20:03:34Z INFO Listener] Version: 2.309.0
[2023-09-30 20:03:34Z INFO Listener] Commit: bdfef345577cb66994787a4166e717744da6379f
[2023-09-30 20:03:34Z INFO Listener] Culture: en-IN
[2023-09-30 20:03:34Z INFO Listener] UI Culture: en-US
[2023-09-30 20:03:34Z INFO HostContext] Well known directory 'Bin': 'D:\xampp\htdocs\house-rent\actions-runner\bin'
[2023-09-30 20:03:34Z INFO HostContext] Well known directory 'Root': 'D:\xampp\htdocs\house-rent\actions-runner'
[2023-09-30 20:03:34Z INFO Listener] Validating directory permissions for: 'D:\xampp\htdocs\house-rent\actions-runner'
[2023-09-30 20:03:34Z INFO CommandLineParser] Parse
[2023-09-30 20:03:34Z INFO CommandLineParser] Parsing 1 args
[2023-09-30 20:03:34Z INFO CommandLineParser] parsing argument
[2023-09-30 20:03:34Z INFO CommandLineParser] HasArgs: False
[2023-09-30 20:03:34Z INFO CommandLineParser] Adding Command: run
[2023-09-30 20:03:34Z INFO Listener] Arguments parsed
[2023-09-30 20:03:34Z INFO Runner] ExecuteCommand
[2023-09-30 20:03:34Z INFO ConfigurationStore] currentAssemblyLocation: D:\xampp\htdocs\house-rent\actions-runner\bin\Runner.Listener.dll
[2023-09-30 20:03:34Z INFO HostContext] Well known directory 'Bin': 'D:\xampp\htdocs\house-rent\actions-runner\bin'
[2023-09-30 20:03:34Z INFO ConfigurationStore] binPath: D:\xampp\htdocs\house-rent\actions-runner\bin
[2023-09-30 20:03:34Z INFO HostContext] Well known directory 'Bin': 'D:\xampp\htdocs\house-rent\actions-runner\bin'
[2023-09-30 20:03:34Z INFO HostContext] Well known directory 'Root': 'D:\xampp\htdocs\house-rent\actions-runner'
[2023-09-30 20:03:34Z INFO ConfigurationStore] RootFolder: D:\xampp\htdocs\house-rent\actions-runner
[2023-09-30 20:03:34Z INFO HostContext] Well known directory 'Bin': 'D:\xampp\htdocs\house-rent\actions-runner\bin'
[2023-09-30 20:03:34Z INFO HostContext] Well known directory 'Root': 'D:\xampp\htdocs\house-rent\actions-runner'
[2023-09-30 20:03:34Z INFO HostContext] Well known config file 'Runner': 'D:\xampp\htdocs\house-rent\actions-runner\.runner'
[2023-09-30 20:03:34Z INFO ConfigurationStore] ConfigFilePath: D:\xampp\htdocs\house-rent\actions-runner\.runner
[2023-09-30 20:03:34Z INFO HostContext] Well known directory 'Bin': 'D:\xampp\htdocs\house-rent\actions-runner\bin'
[2023-09-30 20:03:34Z INFO HostContext] Well known directory 'Root': 'D:\xampp\htdocs\house-rent\actions-runner'
[2023-09-30 20:03:34Z INFO HostContext] Well known config file 'Credentials': 'D:\xampp\htdocs\house-rent\actions-runner\.credentials'
[2023-09-30 20:03:34Z INFO ConfigurationStore] CredFilePath: D:\xampp\htdocs\house-rent\actions-runner\.credentials
[2023-09-30 20:03:34Z INFO HostContext] Well known directory 'Bin': 'D:\xampp\htdocs\house-rent\actions-runner\bin'
[2023-09-30 20:03:34Z INFO HostContext] Well known directory 'Root': 'D:\xampp\htdocs\house-rent\actions-runner'
[2023-09-30 20:03:34Z INFO HostContext] Well known config file 'MigratedCredentials': 'D:\xampp\htdocs\house-rent\actions-runner\.credentials_migrated'
[2023-09-30 20:03:34Z INFO ConfigurationStore] MigratedCredFilePath: D:\xampp\htdocs\house-rent\actions-runner\.credentials_migrated
[2023-09-30 20:03:34Z INFO HostContext] Well known directory 'Bin': 'D:\xampp\htdocs\house-rent\actions-runner\bin'
[2023-09-30 20:03:34Z INFO HostContext] Well known directory 'Root': 'D:\xampp\htdocs\house-rent\actions-runner'
[2023-09-30 20:03:34Z INFO HostContext] Well known config file 'Service': 'D:\xampp\htdocs\house-rent\actions-runner\.service'
[2023-09-30 20:03:34Z INFO ConfigurationStore] ServiceConfigFilePath: D:\xampp\htdocs\house-rent\actions-runner\.service
[2023-09-30 20:03:34Z INFO CommandSettings] Flag 'help': 'False'
[2023-09-30 20:03:34Z INFO CommandSettings] Flag 'version': 'False'
[2023-09-30 20:03:34Z INFO CommandSettings] Flag 'commit': 'False'
[2023-09-30 20:03:34Z INFO CommandSettings] Flag 'check': 'False'
[2023-09-30 20:03:34Z INFO CommandSettings] Command 'configure': 'False'
[2023-09-30 20:03:34Z INFO CommandSettings] Command 'remove': 'False'
[2023-09-30 20:03:34Z INFO CommandSettings] Command 'warmup': 'False'
[2023-09-30 20:03:34Z INFO ConfigurationManager] LoadSettings
[2023-09-30 20:03:34Z INFO ConfigurationStore] IsConfigured()
[2023-09-30 20:03:34Z INFO ConfigurationStore] IsConfigured: True
[2023-09-30 20:03:34Z INFO ConfigurationManager] Is configured: True
[2023-09-30 20:03:34Z INFO ConfigurationStore] Read setting file: 316 chars
[2023-09-30 20:03:34Z INFO ConfigurationManager] Settings Loaded
[2023-09-30 20:03:34Z INFO ConfigurationStore] IsServiceConfigured()
[2023-09-30 20:03:34Z INFO ConfigurationStore] IsServiceConfigured: False
[2023-09-30 20:03:34Z INFO CommandSettings] Command 'run': 'True'
[2023-09-30 20:03:34Z INFO ConfigurationStore] IsConfigured()
[2023-09-30 20:03:34Z INFO ConfigurationStore] IsConfigured: True
[2023-09-30 20:03:34Z INFO ConfigurationManager] Is configured: True
[2023-09-30 20:03:34Z INFO Runner] Could not parse the argument value '' for StartupType. Defaulting to Manual
[2023-09-30 20:03:34Z INFO Runner] Set runner startup type - Manual
[2023-09-30 20:03:34Z INFO CommandSettings] Flag 'once': 'False'
[2023-09-30 20:03:34Z INFO CommandSettings] Flag 'once': 'False'
[2023-09-30 20:03:34Z INFO Runner] RunAsync
[2023-09-30 20:03:34Z INFO ConfigurationManager] LoadSettings
[2023-09-30 20:03:34Z INFO ConfigurationStore] IsConfigured()
[2023-09-30 20:03:34Z INFO ConfigurationStore] IsConfigured: True
[2023-09-30 20:03:34Z INFO ConfigurationManager] Is configured: True
[2023-09-30 20:03:34Z INFO ConfigurationManager] Settings Loaded
[2023-09-30 20:03:34Z INFO MessageListener] {
  "AgentId": 2,
  "AgentName": "DESKTOP-NK0LVDE",
  "PoolId": 1,
  "PoolName": "Default",
  "ServerUrl": "https://pipelinesghubeus26.actions.githubusercontent.com/iMZHnCVWPbCNXAOJZ1KktX2ZKSDtHHxJlJLcde5nfv9r7pvo8C/",
  "GitHubUrl": "https://github.com/KetanGupta0/House-For-Rent",
  "WorkFolder": "_work"
}
[2023-09-30 20:03:34Z INFO MessageListener] Loading Credentials
[2023-09-30 20:03:34Z INFO ConfigurationStore] HasCredentials()
[2023-09-30 20:03:34Z INFO ConfigurationStore] stored True
[2023-09-30 20:03:34Z INFO CredentialManager] GetCredentialProvider
[2023-09-30 20:03:34Z INFO CredentialManager] Creating type OAuth
[2023-09-30 20:03:34Z INFO CredentialManager] Creating credential type: OAuth
[2023-09-30 20:03:34Z INFO HostContext] Well known directory 'Bin': 'D:\xampp\htdocs\house-rent\actions-runner\bin'
[2023-09-30 20:03:34Z INFO HostContext] Well known directory 'Root': 'D:\xampp\htdocs\house-rent\actions-runner'
[2023-09-30 20:03:34Z INFO HostContext] Well known config file 'RSACredentials': 'D:\xampp\htdocs\house-rent\actions-runner\.credentials_rsaparams'
[2023-09-30 20:03:34Z INFO RSAEncryptedFileKeyManager] Loading RSA key parameters from file D:\xampp\htdocs\house-rent\actions-runner\.credentials_rsaparams
[2023-09-30 20:03:34Z INFO MessageListener] Attempt to create session.
[2023-09-30 20:03:34Z INFO MessageListener] Connecting to the Runner Server...
[2023-09-30 20:03:34Z INFO RunnerServer] EstablishVssConnection
[2023-09-30 20:03:34Z INFO RunnerServer] Establish connection with 100 seconds timeout.
[2023-09-30 20:03:34Z INFO GitHubActionsService] Starting operation Location.GetConnectionData
[2023-09-30 20:03:34Z INFO RunnerServer] EstablishVssConnection
[2023-09-30 20:03:34Z INFO RunnerServer] Establish connection with 60 seconds timeout.
[2023-09-30 20:03:34Z INFO GitHubActionsService] Starting operation Location.GetConnectionData
[2023-09-30 20:03:34Z INFO RunnerServer] EstablishVssConnection
[2023-09-30 20:03:34Z INFO RunnerServer] Establish connection with 60 seconds timeout.
[2023-09-30 20:03:34Z INFO GitHubActionsService] Starting operation Location.GetConnectionData
[2023-09-30 20:03:35Z INFO GitHubActionsService] Finished operation Location.GetConnectionData
[2023-09-30 20:03:35Z INFO GitHubActionsService] Finished operation Location.GetConnectionData
[2023-09-30 20:03:35Z INFO GitHubActionsService] Finished operation Location.GetConnectionData
[2023-09-30 20:03:36Z INFO MessageListener] VssConnection created
[2023-09-30 20:03:36Z INFO Terminal] WRITE LINE: 
[2023-09-30 20:03:36Z INFO Terminal] WRITE LINE: 
[2023-09-30 20:03:36Z INFO RSAEncryptedFileKeyManager] Loading RSA key parameters from file D:\xampp\htdocs\house-rent\actions-runner\.credentials_rsaparams
[2023-09-30 20:03:36Z INFO RSAEncryptedFileKeyManager] Loading RSA key parameters from file D:\xampp\htdocs\house-rent\actions-runner\.credentials_rsaparams
[2023-09-30 20:03:37Z INFO GitHubActionsService] AAD Correlation ID for this token request: Unknown
[2023-09-30 20:03:37Z INFO MessageListener] Session created.
[2023-09-30 20:03:37Z INFO Terminal] WRITE LINE: Current runner version: '2.309.0'
[2023-09-30 20:03:37Z INFO Terminal] WRITE LINE: 2023-09-30 20:03:37Z: Listening for Jobs
[2023-09-30 20:03:37Z INFO JobDispatcher] Set runner/worker IPC timeout to 30 seconds.
[2023-09-30 20:33:49Z INFO MessageListener] No message retrieved from session '8c4fe907-12e1-4ec9-a2c6-146185b587fd' within last 30 minutes.
[2023-09-30 20:59:00Z INFO RSAEncryptedFileKeyManager] Loading RSA key parameters from file D:\xampp\htdocs\house-rent\actions-runner\.credentials_rsaparams
[2023-09-30 20:59:01Z INFO GitHubActionsService] AAD Correlation ID for this token request: Unknown
[2023-09-30 21:04:03Z INFO MessageListener] No message retrieved from session '8c4fe907-12e1-4ec9-a2c6-146185b587fd' within last 30 minutes.
[2023-09-30 21:34:15Z INFO MessageListener] No message retrieved from session '8c4fe907-12e1-4ec9-a2c6-146185b587fd' within last 30 minutes.
[2023-09-30 21:54:23Z INFO RSAEncryptedFileKeyManager] Loading RSA key parameters from file D:\xampp\htdocs\house-rent\actions-runner\.credentials_rsaparams
[2023-09-30 21:54:24Z INFO GitHubActionsService] AAD Correlation ID for this token request: Unknown
[2023-09-30 22:04:28Z INFO MessageListener] No message retrieved from session '8c4fe907-12e1-4ec9-a2c6-146185b587fd' within last 30 minutes.
[2023-09-30 22:34:41Z INFO MessageListener] No message retrieved from session '8c4fe907-12e1-4ec9-a2c6-146185b587fd' within last 30 minutes.
[2023-09-30 22:49:48Z INFO RSAEncryptedFileKeyManager] Loading RSA key parameters from file D:\xampp\htdocs\house-rent\actions-runner\.credentials_rsaparams
[2023-09-30 22:49:48Z INFO GitHubActionsService] AAD Correlation ID for this token request: Unknown
[2023-09-30 23:04:54Z INFO MessageListener] No message retrieved from session '8c4fe907-12e1-4ec9-a2c6-146185b587fd' within last 30 minutes.
[2023-09-30 23:35:07Z INFO MessageListener] No message retrieved from session '8c4fe907-12e1-4ec9-a2c6-146185b587fd' within last 30 minutes.
[2023-09-30 23:45:11Z INFO RSAEncryptedFileKeyManager] Loading RSA key parameters from file D:\xampp\htdocs\house-rent\actions-runner\.credentials_rsaparams
[2023-09-30 23:45:12Z INFO GitHubActionsService] AAD Correlation ID for this token request: Unknown
[2023-10-01 00:05:21Z INFO MessageListener] No message retrieved from session '8c4fe907-12e1-4ec9-a2c6-146185b587fd' within last 30 minutes.
[2023-10-01 00:35:33Z INFO MessageListener] No message retrieved from session '8c4fe907-12e1-4ec9-a2c6-146185b587fd' within last 30 minutes.
[2023-10-01 00:40:36Z INFO RSAEncryptedFileKeyManager] Loading RSA key parameters from file D:\xampp\htdocs\house-rent\actions-runner\.credentials_rsaparams
[2023-10-01 00:40:37Z INFO GitHubActionsService] AAD Correlation ID for this token request: Unknown
[2023-10-01 01:05:46Z INFO MessageListener] No message retrieved from session '8c4fe907-12e1-4ec9-a2c6-146185b587fd' within last 30 minutes.
[2023-10-01 01:36:01Z INFO MessageListener] No message retrieved from session '8c4fe907-12e1-4ec9-a2c6-146185b587fd' within last 30 minutes.
[2023-10-01 01:36:01Z INFO RSAEncryptedFileKeyManager] Loading RSA key parameters from file D:\xampp\htdocs\house-rent\actions-runner\.credentials_rsaparams
[2023-10-01 01:36:03Z INFO GitHubActionsService] AAD Correlation ID for this token request: Unknown
[2023-10-01 02:06:20Z INFO MessageListener] No message retrieved from session '8c4fe907-12e1-4ec9-a2c6-146185b587fd' within last 30 minutes.
[2023-10-01 02:31:32Z INFO RSAEncryptedFileKeyManager] Loading RSA key parameters from file D:\xampp\htdocs\house-rent\actions-runner\.credentials_rsaparams
[2023-10-01 02:31:33Z INFO GitHubActionsService] AAD Correlation ID for this token request: Unknown
[2023-10-01 02:36:36Z INFO MessageListener] No message retrieved from session '8c4fe907-12e1-4ec9-a2c6-146185b587fd' within last 30 minutes.
[2023-10-01 03:06:52Z INFO MessageListener] No message retrieved from session '8c4fe907-12e1-4ec9-a2c6-146185b587fd' within last 30 minutes.
[2023-10-01 03:27:02Z INFO RSAEncryptedFileKeyManager] Loading RSA key parameters from file D:\xampp\htdocs\house-rent\actions-runner\.credentials_rsaparams
[2023-10-01 03:27:03Z INFO GitHubActionsService] AAD Correlation ID for this token request: Unknown
